c:\users\mattr\onedrive\c++_visual_studio\cs-330_assignments\mr_cs-330_project - mod 7\mr_cs-330_project\debug\vc143.pdb
c:\users\mattr\onedrive\c++_visual_studio\cs-330_assignments\mr_cs-330_project - mod 7\mr_cs-330_project\debug\vc143.idb
c:\users\mattr\onedrive\c++_visual_studio\cs-330_assignments\mr_cs-330_project - mod 7\mr_cs-330_project\debug\torusmesh.obj
c:\users\mattr\onedrive\c++_visual_studio\cs-330_assignments\mr_cs-330_project - mod 7\mr_cs-330_project\debug\spheremesh.obj
c:\users\mattr\onedrive\c++_visual_studio\cs-330_assignments\mr_cs-330_project - mod 7\mr_cs-330_project\debug\sodacanmesh.obj
c:\users\mattr\onedrive\c++_visual_studio\cs-330_assignments\mr_cs-330_project - mod 7\mr_cs-330_project\debug\shadermanager.obj
c:\users\mattr\onedrive\c++_visual_studio\cs-330_assignments\mr_cs-330_project - mod 7\mr_cs-330_project\debug\pyramidmesh.obj
c:\users\mattr\onedrive\c++_visual_studio\cs-330_assignments\mr_cs-330_project - mod 7\mr_cs-330_project\debug\ps5controllermesh.obj
c:\users\mattr\onedrive\c++_visual_studio\cs-330_assignments\mr_cs-330_project - mod 7\mr_cs-330_project\debug\planemesh.obj
c:\users\mattr\onedrive\c++_visual_studio\cs-330_assignments\mr_cs-330_project - mod 7\mr_cs-330_project\debug\mesh.obj
c:\users\mattr\onedrive\c++_visual_studio\cs-330_assignments\mr_cs-330_project - mod 7\mr_cs-330_project\debug\main.obj
c:\users\mattr\onedrive\c++_visual_studio\cs-330_assignments\mr_cs-330_project - mod 7\mr_cs-330_project\debug\inputhandler.obj
c:\users\mattr\onedrive\c++_visual_studio\cs-330_assignments\mr_cs-330_project - mod 7\mr_cs-330_project\debug\headsetmesh.obj
c:\users\mattr\onedrive\c++_visual_studio\cs-330_assignments\mr_cs-330_project - mod 7\mr_cs-330_project\debug\frustummesh.obj
c:\users\mattr\onedrive\c++_visual_studio\cs-330_assignments\mr_cs-330_project - mod 7\mr_cs-330_project\debug\cylindermesh.obj
c:\users\mattr\onedrive\c++_visual_studio\cs-330_assignments\mr_cs-330_project - mod 7\mr_cs-330_project\debug\cubemesh.obj
c:\users\mattr\onedrive\c++_visual_studio\cs-330_assignments\mr_cs-330_project - mod 7\mr_cs-330_project\debug\cubelightmesh.obj
c:\users\mattr\onedrive\c++_visual_studio\cs-330_assignments\mr_cs-330_project - mod 7\mr_cs-330_project\debug\backscratchermesh.obj
c:\users\mattr\onedrive\c++_visual_studio\cs-330_assignments\mr_cs-330_project - mod 7\debug\mr_cs-330_project.exe
c:\users\mattr\onedrive\c++_visual_studio\cs-330_assignments\mr_cs-330_project - mod 7\mr_cs-330_project\debug\mr_cs-330_project.ilk
c:\users\mattr\onedrive\c++_visual_studio\cs-330_assignments\mr_cs-330_project - mod 7\debug\mr_cs-330_project.pdb
c:\users\mattr\onedrive\c++_visual_studio\cs-330_assignments\mr_cs-330_project - mod 7\mr_cs-330_project\debug\mr_cs-33.2a329e80.tlog\cl.command.1.tlog
c:\users\mattr\onedrive\c++_visual_studio\cs-330_assignments\mr_cs-330_project - mod 7\mr_cs-330_project\debug\mr_cs-33.2a329e80.tlog\cl.items.tlog
c:\users\mattr\onedrive\c++_visual_studio\cs-330_assignments\mr_cs-330_project - mod 7\mr_cs-330_project\debug\mr_cs-33.2a329e80.tlog\cl.read.1.tlog
c:\users\mattr\onedrive\c++_visual_studio\cs-330_assignments\mr_cs-330_project - mod 7\mr_cs-330_project\debug\mr_cs-33.2a329e80.tlog\cl.write.1.tlog
c:\users\mattr\onedrive\c++_visual_studio\cs-330_assignments\mr_cs-330_project - mod 7\mr_cs-330_project\debug\mr_cs-33.2a329e80.tlog\link.command.1.tlog
c:\users\mattr\onedrive\c++_visual_studio\cs-330_assignments\mr_cs-330_project - mod 7\mr_cs-330_project\debug\mr_cs-33.2a329e80.tlog\link.read.1.tlog
c:\users\mattr\onedrive\c++_visual_studio\cs-330_assignments\mr_cs-330_project - mod 7\mr_cs-330_project\debug\mr_cs-33.2a329e80.tlog\link.write.1.tlog
